[INFO  - 2017-02-01T12:08:15.821Z] GhostDriver - Main - running on port 51745
[INFO  - 2017-02-01T12:08:16.427Z] Session [1cdac370-e877-11e6-82b4-41a9f881dfff] - page.settings - {"XSSAuditingEnabled":false,"javascriptCanCloseWindows":true,"javascriptCanOpenWindows":true,"javascriptEnabled":true,"loadImages":true,"localToRemoteUrlAccessEnabled":false,"userAgent":"Mozilla/5.0 (Macintosh; Intel Mac OS X) AppleWebKit/538.1 (KHTML, like Gecko) PhantomJS/2.1.1 Safari/538.1","webSecurityEnabled":true}
[INFO  - 2017-02-01T12:08:16.427Z] Session [1cdac370-e877-11e6-82b4-41a9f881dfff] - page.customHeaders:  - {}
[INFO  - 2017-02-01T12:08:16.427Z] Session [1cdac370-e877-11e6-82b4-41a9f881dfff] - Session.negotiatedCapabilities - {"browserName":"phantomjs","version":"2.1.1","driverName":"ghostdriver","driverVersion":"1.2.0","platform":"mac-unknown-64bit","javascriptEnabled":true,"takesScreenshot":true,"handlesAlerts":false,"databaseEnabled":false,"locationContextEnabled":false,"applicationCacheEnabled":false,"browserConnectionEnabled":false,"cssSelectorsEnabled":true,"webStorageEnabled":false,"rotatable":false,"acceptSslCerts":false,"nativeEvents":true,"proxy":{"proxyType":"direct"}}
[INFO  - 2017-02-01T12:08:16.427Z] SessionManagerReqHand - _postNewSessionCommand - New Session Created: 1cdac370-e877-11e6-82b4-41a9f881dfff
[ERROR - 2017-02-01T12:08:18.891Z] Session [1cdac370-e877-11e6-82b4-41a9f881dfff] - page.onError - msg: THREE.WebGLRenderer: Error creating WebGL context.

  phantomjs://platform/console++.js:263 in error
[ERROR - 2017-02-01T12:08:18.891Z] Session [1cdac370-e877-11e6-82b4-41a9f881dfff] - page.onError - stack:
  ce (https://hassyadai.com/js/vendor.min.js:64)

  phantomjs://platform/console++.js:263 in error
[ERROR - 2017-02-01T12:08:18.891Z] Session [1cdac370-e877-11e6-82b4-41a9f881dfff] - page.onError - msg: TypeError: null is not an object (evaluating 't.getExtension')

  phantomjs://platform/console++.js:263 in error
[ERROR - 2017-02-01T12:08:18.892Z] Session [1cdac370-e877-11e6-82b4-41a9f881dfff] - page.onError - stack:
  get (https://hassyadai.com/js/vendor.min.js:64)
  ce (https://hassyadai.com/js/vendor.min.js:64)
  e (https://hassyadai.com/js/main.min.js:2)
  e (https://hassyadai.com/js/main.min.js:3)
  (anonymous function) (https://hassyadai.com/js/main.min.js:2)
  o (https://hassyadai.com/js/main.min.js:1)
  e (https://hassyadai.com/js/main.min.js:1)

  phantomjs://platform/console++.js:263 in error
